# JRE version: OpenJDK Runtime Environment Temurin-17.0.4.1+1 (17.0.4.1+1) (build 17.0.4.1+1)
# Java VM: OpenJDK 64-Bit Server VM Temurin-17.0.4.1+1 (17.0.4.1+1, mixed mode, emulated-client, tiered, compressed oops, compressed class ptrs, g1 gc, windows-amd64)
GC Precious Log:
 CPUs: 8 total, 8 available
 Memory: 16163M
 Large Page Support: Disabled
 NUMA Support: Disabled
 Compressed Oops: Enabled (Zero based)
 Heap Region Size: 2M
 Heap Min Capacity: 8M
 Heap Initial Capacity: 254M
 Heap Max Capacity: 4042M
 Pre-touch: Disabled
 Parallel Workers: 8
 Concurrent Workers: 2
 Concurrent Refinement Workers: 8
 Periodic GC: Disabled
Heap:
 garbage-first heap   total 96256K, used 26819K [0x0000000703600000, 0x0000000800000000)
  region size 2048K, 1 young (2048K), 0 survivors (0K)
 Metaspace       used 46222K, committed 46592K, reserved 1089536K
  class space    used 6288K, committed 6464K, reserved 1048576K
GC Heap History (20 events):
Event: 342248.422 GC heap before
{Heap before GC invocations=11840 (full 11814):
 garbage-first heap   total 96256K, used 26819K [0x0000000703600000, 0x0000000800000000)
  region size 2048K, 1 young (2048K), 0 survivors (0K)
 Metaspace       used 46222K, committed 46592K, reserved 1089536K
  class space    used 6288K, committed 6464K, reserved 1048576K
}
Event: 342248.498 GC heap after
{Heap after GC invocations=11841 (full 11815):
 garbage-first heap   total 96256K, used 26819K [0x0000000703600000, 0x0000000800000000)
  region size 2048K, 0 young (0K), 0 survivors (0K)
 Metaspace       used 46222K, committed 46592K, reserved 1089536K
  class space    used 6288K, committed 6464K, reserved 1048576K
}
Event: 342258.980 GC heap before
{Heap before GC invocations=11841 (full 11815):
 garbage-first heap   total 96256K, used 26819K [0x0000000703600000, 0x0000000800000000)
  region size 2048K, 1 young (2048K), 0 survivors (0K)
 Metaspace       used 46222K, committed 46592K, reserved 1089536K
  class space    used 6288K, committed 6464K, reserved 1048576K
}
Event: 342259.036 GC heap after
{Heap after GC invocations=11842 (full 11816):
 garbage-first heap   total 96256K, used 26819K [0x0000000703600000, 0x0000000800000000)
  region size 2048K, 0 young (0K), 0 survivors (0K)
 Metaspace       used 46222K, committed 46592K, reserved 1089536K
  class space    used 6288K, committed 6464K, reserved 1048576K
}
Event: 342269.614 GC heap before
{Heap before GC invocations=11842 (full 11816):
 garbage-first heap   total 96256K, used 26819K [0x0000000703600000, 0x0000000800000000)
  region size 2048K, 1 young (2048K), 0 survivors (0K)
 Metaspace       used 46222K, committed 46592K, reserved 1089536K
  class space    used 6288K, committed 6464K, reserved 1048576K
}
Event: 342269.670 GC heap after
{Heap after GC invocations=11843 (full 11817):
 garbage-first heap   total 96256K, used 26819K [0x0000000703600000, 0x0000000800000000)
  region size 2048K, 0 young (0K), 0 survivors (0K)
 Metaspace       used 46222K, committed 46592K, reserved 1089536K
  class space    used 6288K, committed 6464K, reserved 1048576K
}
Event: 342280.043 GC heap before
{Heap before GC invocations=11843 (full 11817):
 garbage-first heap   total 96256K, used 26819K [0x0000000703600000, 0x0000000800000000)
  region size 2048K, 1 young (2048K), 0 survivors (0K)
 Metaspace       used 46222K, committed 46592K, reserved 1089536K
  class space    used 6288K, committed 6464K, reserved 1048576K
}
Event: 342280.092 GC heap after
{Heap after GC invocations=11844 (full 11818):
 garbage-first heap   total 96256K, used 26819K [0x0000000703600000, 0x0000000800000000)
  region size 2048K, 0 young (0K), 0 survivors (0K)
 Metaspace       used 46222K, committed 46592K, reserved 1089536K
  class space    used 6288K, committed 6464K, reserved 1048576K
}
Event: 342290.604 GC heap before
{Heap before GC invocations=11844 (full 11818):
 garbage-first heap   total 96256K, used 26819K [0x0000000703600000, 0x0000000800000000)
  region size 2048K, 1 young (2048K), 0 survivors (0K)
 Metaspace       used 46222K, committed 46592K, reserved 1089536K
  class space    used 6288K, committed 6464K, reserved 1048576K
}
Event: 342290.651 GC heap after
{Heap after GC invocations=11845 (full 11819):
 garbage-first heap   total 96256K, used 26819K [0x0000000703600000, 0x0000000800000000)
  region size 2048K, 0 young (0K), 0 survivors (0K)
 Metaspace       used 46222K, committed 46592K, reserved 1089536K
  class space    used 6288K, committed 6464K, reserved 1048576K
}
Event: 342301.010 GC heap before
{Heap before GC invocations=11845 (full 11819):
 garbage-first heap   total 96256K, used 26819K [0x0000000703600000, 0x0000000800000000)
  region size 2048K, 1 young (2048K), 0 survivors (0K)
 Metaspace       used 46222K, committed 46592K, reserved 1089536K
  class space    used 6288K, committed 6464K, reserved 1048576K
}
Event: 342301.057 GC heap after
{Heap after GC invocations=11846 (full 11820):
 garbage-first heap   total 96256K, used 26819K [0x0000000703600000, 0x0000000800000000)
  region size 2048K, 0 young (0K), 0 survivors (0K)
 Metaspace       used 46222K, committed 46592K, reserved 1089536K
  class space    used 6288K, committed 6464K, reserved 1048576K
}
Event: 342311.719 GC heap before
{Heap before GC invocations=11846 (full 11820):
 garbage-first heap   total 96256K, used 26819K [0x0000000703600000, 0x0000000800000000)
  region size 2048K, 1 young (2048K), 0 survivors (0K)
 Metaspace       used 46222K, committed 46592K, reserved 1089536K
  class space    used 6288K, committed 6464K, reserved 1048576K
}
Event: 342311.783 GC heap after
{Heap after GC invocations=11847 (full 11821):
 garbage-first heap   total 96256K, used 26819K [0x0000000703600000, 0x0000000800000000)
  region size 2048K, 0 young (0K), 0 survivors (0K)
 Metaspace       used 46222K, committed 46592K, reserved 1089536K
  class space    used 6288K, committed 6464K, reserved 1048576K
}
Event: 342322.484 GC heap before
{Heap before GC invocations=11847 (full 11821):
 garbage-first heap   total 96256K, used 26819K [0x0000000703600000, 0x0000000800000000)
  region size 2048K, 1 young (2048K), 0 survivors (0K)
 Metaspace       used 46222K, committed 46592K, reserved 1089536K
  class space    used 6288K, committed 6464K, reserved 1048576K
}
Event: 342322.548 GC heap after
{Heap after GC invocations=11848 (full 11822):
 garbage-first heap   total 96256K, used 26819K [0x0000000703600000, 0x0000000800000000)
  region size 2048K, 0 young (0K), 0 survivors (0K)
 Metaspace       used 46222K, committed 46592K, reserved 1089536K
  class space    used 6288K, committed 6464K, reserved 1048576K
}
Event: 342333.009 GC heap before
{Heap before GC invocations=11848 (full 11822):
 garbage-first heap   total 96256K, used 26819K [0x0000000703600000, 0x0000000800000000)
  region size 2048K, 1 young (2048K), 0 survivors (0K)
 Metaspace       used 46222K, committed 46592K, reserved 1089536K
  class space    used 6288K, committed 6464K, reserved 1048576K
}
Event: 342333.058 GC heap after
{Heap after GC invocations=11849 (full 11823):
 garbage-first heap   total 96256K, used 26819K [0x0000000703600000, 0x0000000800000000)
  region size 2048K, 0 young (0K), 0 survivors (0K)
 Metaspace       used 46222K, committed 46592K, reserved 1089536K
  class space    used 6288K, committed 6464K, reserved 1048576K
}
Event: 342343.481 GC heap before
{Heap before GC invocations=11849 (full 11823):
 garbage-first heap   total 96256K, used 26819K [0x0000000703600000, 0x0000000800000000)
  region size 2048K, 1 young (2048K), 0 survivors (0K)
 Metaspace       used 46222K, committed 46592K, reserved 1089536K
  class space    used 6288K, committed 6464K, reserved 1048576K
}
Event: 342343.521 GC heap after
{Heap after GC invocations=11850 (full 11824):
 garbage-first heap   total 96256K, used 26819K [0x0000000703600000, 0x0000000800000000)
  region size 2048K, 0 young (0K), 0 survivors (0K)
 Metaspace       used 46222K, committed 46592K, reserved 1089536K
  class space    used 6288K, committed 6464K, reserved 1048576K
}

